
ROM used:   1474/8192 (18%)
            1474/8192 (18%) including unused fragments

            0.4 Average locations per line
            2.4 Average locations per statement

RAM used:   101/368 (27%) at main() level
            126/368 (34%) worst case

Stack used: 0 worst case (0 in main + 0 for interrupts)
Stack size: 8

Lines Stmts  %   Files
----- ----- ---  -----
  115    33   5  main.c
  684     0   0  ..\..\..\..\..\Program Files (x86)\PICC\devices\16F877A.h
  456   100  16  ..\..\..\..\..\Program Files (x86)\PICC\drivers\lcd.c
   37     0   0  ..\..\..\..\..\Program Files (x86)\PICC\drivers\stdio.h
  435     0   0  ..\..\..\..\..\Program Files (x86)\PICC\drivers\string.h
   32     0   0  ..\..\..\..\..\Program Files (x86)\PICC\drivers\stddef.h
   28     0   0  ..\..\..\..\..\Program Files (x86)\PICC\drivers\ctype.h
 1352   359  59  ..\..\..\..\..\Program Files (x86)\PICC\drivers\stdlib.h
  415   121  20  rfid.h
----- -----
 3554   613 Total

Page ROM  %  RAM    Vol Diff  Functions:
---- --- --- ---    --- ----  ----------
0     20   1    1             @delay_ms1
 Inline         3    760  4.5  lcd_read_byte
0     51   3    2    262  3.7  lcd_read_nibble
0     54   4    1    399  2.4  lcd_send_nibble
0     98   7    3    415  3.7  lcd_send_byte
0     84   6    6    852  6.2  lcd_init
0     20   1    4    208  6.3  lcd_gotoxy
0     58   4    1    354  4.7  lcd_putc
0     39   3    3    169  3.8  readFromRegister
0     33   2    3    123  2.8  writeToRegister
0     18   1    4    100  3.3  setBitMask
0     19   1    4    110  3.8  clearBitMask
 Inline         0     25  1.2  reset
0     97   7    0    431  1.9  MFRC_begin
 Inline        17   2270 15.8  commandTag
0    295  20    7    312  6.0  requestTag
0    239  16    1    243  3.1  CheckRFIDHardware
0     10   1    0             @const1008
0    116   8    4             @PSTRINGC7_666
0     17   1    0             @const1013
0      7   0    0             @const1014
0      4   0    0             @const1015
 Inline         5             @PSTRINGCN7_666
 Inline         2             @PRINTF_X_666
0    159  11    1    444  5.0  MAIN
0      7   0    0             @const1025
0     11   1    0             @const1026
0      6   0    0             @const1027
0      8   1    0             @const1028
 Inline         0             @cinit1

Program metrics:
    Functions               17
    Statements              613
    Comments                990
    Volume (V)              12168
    Difficulty (D)          76.4
    Effort to implement (E) 930187
    Time to implement (T)   14 hours, 21 minutes
    Est Delivered Bugs (B)  3
    Cyclomatic Complexity   26
    Maintainability (MI)    45

 Segment     Used  Free
-----------  ----  ----
00000-00003     4  0  
00004-007FF  1470  574  
00800-00FFF     0  2048  
01000-017FF     0  2048  
01800-01FFF     0  2048  



